<?xml version="1.0" encoding="UTF-8"?>
<testng-results skipped="0" failed="0" ignored="0" total="4" passed="4">
  <reporter-output>
  </reporter-output>
  <suite name="TestSuite" duration-ms="70" started-at="2019-10-16T10:27:56 IST" finished-at="2019-10-16T10:27:57 IST">
    <groups>
    </groups>
    <test name="DummyTest" duration-ms="70" started-at="2019-10-16T10:27:56 IST" finished-at="2019-10-16T10:27:57 IST">
      <class name="qa.testpkg.HelloTestNG">
        <test-method status="PASS" signature="helloTestNGHelloTest()[pri:0, instance:qa.testpkg.HelloTestNG@31610302]" name="helloTestNGHelloTest" duration-ms="1" started-at="2019-10-16T10:27:57 IST" finished-at="2019-10-16T10:27:57 IST">
          <reporter-output>
          </reporter-output>
        </test-method> <!-- helloTestNGHelloTest -->
        <test-method status="PASS" signature="helloTestNGHelloTest2()[pri:0, instance:qa.testpkg.HelloTestNG@31610302]" name="helloTestNGHelloTest2" duration-ms="1" started-at="2019-10-16T10:27:57 IST" finished-at="2019-10-16T10:27:57 IST">
          <reporter-output>
          </reporter-output>
        </test-method> <!-- helloTestNGHelloTest2 -->
      </class> <!-- qa.testpkg.HelloTestNG -->
      <class name="qa.testpkg.WelcomeTestNG">
        <test-method status="PASS" signature="helloBy()[pri:0, instance:qa.testpkg.WelcomeTestNG@544fe44c]" name="helloBy" duration-ms="9" started-at="2019-10-16T10:27:57 IST" finished-at="2019-10-16T10:27:57 IST">
          <reporter-output>
          </reporter-output>
        </test-method> <!-- helloBy -->
        <test-method status="PASS" signature="welcomeTestMessage()[pri:0, instance:qa.testpkg.WelcomeTestNG@544fe44c]" name="welcomeTestMessage" duration-ms="6" started-at="2019-10-16T10:27:57 IST" finished-at="2019-10-16T10:27:57 IST">
          <reporter-output>
          </reporter-output>
        </test-method> <!-- welcomeTestMessage -->
      </class> <!-- qa.testpkg.WelcomeTestNG -->
    </test> <!-- DummyTest -->
  </suite> <!-- TestSuite -->
</testng-results>
