<?xml version="1.0" encoding="UTF-8"?>
<!-- Generated by org.testng.reporters.JUnitXMLReporter -->
<testsuite hostname="WKWIN7106031" ignored="0" name="DummyTest" tests="4" failures="0" timestamp="2019-10-16T10:27:57 IST" time="0.07" errors="0">
  <testcase name="helloBy" time="0.009" classname="qa.testpkg.WelcomeTestNG"/>
  <testcase name="welcomeTestMessage" time="0.006" classname="qa.testpkg.WelcomeTestNG"/>
  <testcase name="helloTestNGHelloTest" time="0.001" classname="qa.testpkg.HelloTestNG"/>
  <testcase name="helloTestNGHelloTest2" time="0.001" classname="qa.testpkg.HelloTestNG"/>
</testsuite> <!-- DummyTest -->
